WARNING: In non-interactive mode release checks e.g. deprecated releases, production architectures are disabled.
WARNING: In non-interactive mode release checks e.g. deprecated releases, production architectures are disabled.
**** Following environment variables are going to be unset.
       CMSSW_FULL_RELEASE_BASE
stty: standard input: Inappropriate ioctl for device
stty: standard input: Inappropriate ioctl for device
stty: standard input: Inappropriate ioctl for device
stty: standard input: Inappropriate ioctl for device
stty: standard input: Inappropriate ioctl for device
stty: standard input: Inappropriate ioctl for device
29-Jul-2022 08:12:25 CEST  Initiating request to open LHE file cmsgrid_final.lhe
29-Jul-2022 08:12:25 CEST  Successfully opened LHE file cmsgrid_final.lhe
%MSG-w LogicError:  Pythia8HadronizerFilter:generator@beginRun  29-Jul-2022 08:12:26 CEST Run: 1
::getByLabel: An attempt was made to read a Run product before endRun() was called.
The product is of type 'LHERunInfoProduct'.
The specified ModuleLabel was 'externalLHEProducer'.
The specified productInstanceName was ''.

%MSG
Begin processing the 1st record. Run 1, Event 1, LumiSection 1 on stream 0 at 29-Jul-2022 08:12:28.717 CEST
Begin processing the 2nd record. Run 1, Event 2, LumiSection 1 on stream 0 at 29-Jul-2022 08:12:32.830 CEST
Begin processing the 3rd record. Run 1, Event 3, LumiSection 1 on stream 0 at 29-Jul-2022 08:12:32.899 CEST
Begin processing the 4th record. Run 1, Event 4, LumiSection 1 on stream 0 at 29-Jul-2022 08:12:38.411 CEST
Begin processing the 5th record. Run 1, Event 5, LumiSection 1 on stream 0 at 29-Jul-2022 08:12:38.560 CEST
Begin processing the 6th record. Run 1, Event 6, LumiSection 1 on stream 0 at 29-Jul-2022 08:12:38.587 CEST
Begin processing the 7th record. Run 1, Event 7, LumiSection 1 on stream 0 at 29-Jul-2022 08:12:43.667 CEST
Begin processing the 8th record. Run 1, Event 8, LumiSection 1 on stream 0 at 29-Jul-2022 08:12:44.405 CEST
Begin processing the 9th record. Run 1, Event 9, LumiSection 1 on stream 0 at 29-Jul-2022 08:12:44.459 CEST
Begin processing the 10th record. Run 1, Event 10, LumiSection 1 on stream 0 at 29-Jul-2022 08:12:48.798 CEST
Begin processing the 11th record. Run 1, Event 11, LumiSection 1 on stream 0 at 29-Jul-2022 08:12:50.063 CEST
Begin processing the 12th record. Run 1, Event 12, LumiSection 1 on stream 0 at 29-Jul-2022 08:12:51.925 CEST
Begin processing the 13th record. Run 1, Event 13, LumiSection 1 on stream 0 at 29-Jul-2022 08:12:52.790 CEST
Begin processing the 14th record. Run 1, Event 14, LumiSection 1 on stream 0 at 29-Jul-2022 08:12:53.418 CEST
Begin processing the 15th record. Run 1, Event 15, LumiSection 1 on stream 0 at 29-Jul-2022 08:12:53.698 CEST
Begin processing the 16th record. Run 1, Event 16, LumiSection 1 on stream 0 at 29-Jul-2022 08:12:54.683 CEST
Begin processing the 17th record. Run 1, Event 17, LumiSection 1 on stream 0 at 29-Jul-2022 08:12:56.175 CEST
Begin processing the 18th record. Run 1, Event 18, LumiSection 1 on stream 0 at 29-Jul-2022 08:12:56.758 CEST
Begin processing the 19th record. Run 1, Event 19, LumiSection 1 on stream 0 at 29-Jul-2022 08:13:00.249 CEST
Begin processing the 20th record. Run 1, Event 20, LumiSection 1 on stream 0 at 29-Jul-2022 08:13:04.098 CEST
29-Jul-2022 08:13:12 CEST  Closed LHE file cmsgrid_final.lhe

------------------------------------
GenXsecAnalyzer:
------------------------------------
-------------------------------------------------------------------------------------------------------------------------------------------------------------------------- 
Overall cross-section summary 
--------------------------------------------------------------------------------------------------------------------------------------------------------------------------
Process		xsec_before [pb]		passed	nposw	nnegw	tried	nposw	nnegw 	xsec_match [pb]			accepted [%]	 event_eff [%]
0		6.004e+03 +/- 1.097e+01		9	6	3	9	6	3	6.004e+03 +/- 1.097e+01		100.0 +/- 0.0	100.0 +/- 0.0
1		3.448e+03 +/- 1.054e+01		1	1	0	3	2	1	3.448e+03 +/- 4.876e+03		100.0 +/- 141.4	33.3 +/- 27.2
2		1.637e+03 +/- 1.034e+01		0	0	0	8	4	4	0.000e+00 +/- 0.000e+00		-100.0 +/- -100.0	0.0 +/- 0.0
-------------------------------------------------------------------------------------------------------------------------------------------------------------------------- 
Total		1.109e+04 +/- 1.839e+01		10	7	3	20	12	8	1.109e+04 +/- 8.766e+03		100.0 +/- 79.1	50.0 +/- 11.2
--------------------------------------------------------------------------------------------------------------------------------------------------------------------------
Before matching: total cross section = 1.109e+04 +- 1.839e+01 pb
After matching: total cross section = 1.109e+04 +- 8.766e+03 pb
Matching efficiency = 0.5 +/- 0.1   [TO BE USED IN MCM]
Filter efficiency (taking into account weights)= (101039) / (101039) = 1.000e+00 +- 0.000e+00
Filter efficiency (event-level)= (10) / (10) = 1.000e+00 +- 0.000e+00    [TO BE USED IN MCM]

After filter: final cross section = 1.109e+04 +- 8.766e+03 pb
After filter: final fraction of events with negative weights = 3.000e-01 +- 4.316e-02
After filter: final equivalent lumi for 1M events (1/fb) = 1.443e-02 +- 5.199e-03
TimeReport> Time report complete in 146.758 seconds
 Time Summary: 
 - Min event:   0.026726
 - Max event:   8.44227
 - Avg event:   2.19018
 - Total loop:  136.035
 - Total init:  10.0519
 - Total job:   146.758
 - EventSetup Lock:   1.19209e-05
 - EventSetup Get:   0.00656509
 Event Throughput: 0.147021 ev/s
 CPU Summary: 
 - Total loop:  135.127
 - Total init:  5.09938
 - Total extra: 0
 - Total job:   140.726
 Processing Summary: 
 - Number of Events:  20
 - Number of Global Begin Lumi Calls:  1
 - Number of Global Begin Run Calls: 1


=============================================

MessageLogger Summary

 type     category        sev    module        subroutine        count    total
 ---- -------------------- -- ---------------- ----------------  -----    -----
    1 GenXSecAnalyzer      -w GenXSecAnalyzer:                      17       17
    2 LogicError           -w Pythia8Hadronize                       1        1
    3 TimeReport           -e AfterModEndJob                         1        1
    4 fileAction           -s ExternalLHEProdu                       2        2
    5 fileAction           -s ExternalLHEProdu                       1        1

 type    category    Examples: run/evt        run/evt          run/evt
 ---- -------------------- ---------------- ---------------- ----------------
    1 GenXSecAnalyzer      PostGlobalEndRun PostGlobalEndRun PostGlobalEndRun
    2 LogicError           Run: 1                            
    3 TimeReport           PostGlobalEndRun                  
    4 fileAction           Run: 1           Run: 1           
    5 fileAction           End Run: 1                        

Severity    # Occurrences   Total Occurrences
--------    -------------   -----------------
Warning                18                  18
Error                   1                   1
System                  3                   3

dropped waiting message count 0
WARNING: In non-interactive mode release checks e.g. deprecated releases, production architectures are disabled.
29-Jul-2022 08:13:20 CEST  Initiating request to open file file:EGM-RunIISummer20UL18wmLHEGEN-00001.root
29-Jul-2022 08:13:21 CEST  Successfully opened file file:EGM-RunIISummer20UL18wmLHEGEN-00001.root
Begin processing the 1st record. Run 1, Event 1, LumiSection 1 on stream 0 at 29-Jul-2022 08:13:56.015 CEST
Begin processing the 2nd record. Run 1, Event 2, LumiSection 1 on stream 0 at 29-Jul-2022 08:14:20.128 CEST
Begin processing the 3rd record. Run 1, Event 3, LumiSection 1 on stream 0 at 29-Jul-2022 08:14:24.206 CEST
Begin processing the 4th record. Run 1, Event 6, LumiSection 1 on stream 0 at 29-Jul-2022 08:14:46.367 CEST
Begin processing the 5th record. Run 1, Event 7, LumiSection 1 on stream 0 at 29-Jul-2022 08:15:04.873 CEST
Begin processing the 6th record. Run 1, Event 11, LumiSection 1 on stream 0 at 29-Jul-2022 08:15:13.219 CEST
Begin processing the 7th record. Run 1, Event 12, LumiSection 1 on stream 0 at 29-Jul-2022 08:15:31.216 CEST
Begin processing the 8th record. Run 1, Event 14, LumiSection 1 on stream 0 at 29-Jul-2022 08:15:41.406 CEST
Begin processing the 9th record. Run 1, Event 18, LumiSection 1 on stream 0 at 29-Jul-2022 08:15:48.494 CEST
Begin processing the 10th record. Run 1, Event 20, LumiSection 1 on stream 0 at 29-Jul-2022 08:16:04.873 CEST
29-Jul-2022 08:16:33 CEST  Closed file file:EGM-RunIISummer20UL18wmLHEGEN-00001.root
TimeReport> Time report complete in 199.033 seconds
 Time Summary: 
 - Min event:   4.07802
 - Max event:   28.4509
 - Avg event:   15.7295
 - Total loop:  191.005
 - Total init:  7.93813
 - Total job:   199.033
 - EventSetup Lock:   1.0252e-05
 - EventSetup Get:   7.01191
 Event Throughput: 0.0523546 ev/s
 CPU Summary: 
 - Total loop:  187.661
 - Total init:  4.78144
 - Total extra: 0
 - Total job:   192.529
 Processing Summary: 
 - Number of Events:  10
 - Number of Global Begin Lumi Calls:  1
 - Number of Global Begin Run Calls: 1


=============================================

MessageLogger Summary

 type     category        sev    module        subroutine        count    total
 ---- -------------------- -- ---------------- ----------------  -----    -----
    1 TimeReport           -e AfterModEndJob                         1        1
    2 fileAction           -s file_close                             1        1
    3 fileAction           -s file_open                              2        2

 type    category    Examples: run/evt        run/evt          run/evt
 ---- -------------------- ---------------- ---------------- ----------------
    1 TimeReport           PostGlobalEndRun                  
    2 fileAction           PostGlobalEndRun                  
    3 fileAction           pre-events       pre-events       

Severity    # Occurrences   Total Occurrences
--------    -------------   -----------------
Error                   1                   1
System                  3                   3

dropped waiting message count 0
WARNING: In non-interactive mode release checks e.g. deprecated releases, production architectures are disabled.
WARNING: There already exists /pool/condor/dir_163550/CMSSW_10_6_17_patch1 area for SCRAM_ARCH slc7_amd64_gcc700.
29-Jul-2022 08:16:42 CEST  Initiating request to open file file:EGM-RunIISummer20UL18SIM-00002.root
29-Jul-2022 08:16:43 CEST  Successfully opened file file:EGM-RunIISummer20UL18SIM-00002.root
29-Jul-2022 08:16:46 CEST  Initiating request to open file root://eoscms.cern.ch//eos/cms/store/mc/RunIISummer20ULPrePremix/Neutrino_E-10_gun/PREMIX/UL18_106X_upgrade2018_realistic_v11_L1v1-v2/230002/69C96604-9EB2-EA43-867A-13A7CD0C2576.root
%MSG-w XrdAdaptor:  PreMixingModule:mixData@ctor 29-Jul-2022 08:16:48 CEST  pre-events
Data is served from cern.ch instead of original site eoscms
%MSG
29-Jul-2022 08:16:48 CEST  Successfully opened file root://eoscms.cern.ch//eos/cms/store/mc/RunIISummer20ULPrePremix/Neutrino_E-10_gun/PREMIX/UL18_106X_upgrade2018_realistic_v11_L1v1-v2/230002/69C96604-9EB2-EA43-867A-13A7CD0C2576.root
Begin processing the 1st record. Run 1, Event 1, LumiSection 1 on stream 0 at 29-Jul-2022 08:16:59.911 CEST
29-Jul-2022 08:18:06 CEST  Closed file root://eoscms.cern.ch//eos/cms/store/mc/RunIISummer20ULPrePremix/Neutrino_E-10_gun/PREMIX/UL18_106X_upgrade2018_realistic_v11_L1v1-v2/230002/69C96604-9EB2-EA43-867A-13A7CD0C2576.root
29-Jul-2022 08:18:06 CEST  Initiating request to open file root://eoscms.cern.ch//eos/cms/store/mc/RunIISummer20ULPrePremix/Neutrino_E-10_gun/PREMIX/UL18_106X_upgrade2018_realistic_v11_L1v1-v2/240007/0CBE3B89-161F-0C4D-B0B6-A0FD5EFB66D9.root
%MSG-w XrdAdaptor:  PreMixingModule:mixData 29-Jul-2022 08:18:09 CEST  Run: 1 Event: 1
Data is served from cern.ch instead of original site eoscms
%MSG
29-Jul-2022 08:18:09 CEST  Successfully opened file root://eoscms.cern.ch//eos/cms/store/mc/RunIISummer20ULPrePremix/Neutrino_E-10_gun/PREMIX/UL18_106X_upgrade2018_realistic_v11_L1v1-v2/240007/0CBE3B89-161F-0C4D-B0B6-A0FD5EFB66D9.root
Begin processing the 2nd record. Run 1, Event 2, LumiSection 1 on stream 0 at 29-Jul-2022 08:18:18.435 CEST
Begin processing the 3rd record. Run 1, Event 3, LumiSection 1 on stream 0 at 29-Jul-2022 08:18:20.988 CEST
Begin processing the 4th record. Run 1, Event 6, LumiSection 1 on stream 0 at 29-Jul-2022 08:18:24.509 CEST
Begin processing the 5th record. Run 1, Event 7, LumiSection 1 on stream 0 at 29-Jul-2022 08:18:28.273 CEST
Begin processing the 6th record. Run 1, Event 11, LumiSection 1 on stream 0 at 29-Jul-2022 08:18:31.130 CEST
Begin processing the 7th record. Run 1, Event 12, LumiSection 1 on stream 0 at 29-Jul-2022 08:18:33.810 CEST
Begin processing the 8th record. Run 1, Event 14, LumiSection 1 on stream 0 at 29-Jul-2022 08:18:37.112 CEST
Begin processing the 9th record. Run 1, Event 18, LumiSection 1 on stream 0 at 29-Jul-2022 08:18:40.104 CEST
Begin processing the 10th record. Run 1, Event 20, LumiSection 1 on stream 0 at 29-Jul-2022 08:18:43.131 CEST
29-Jul-2022 08:18:46 CEST  Closed file file:EGM-RunIISummer20UL18SIM-00002.root
29-Jul-2022 08:18:46 CEST  Closed file root://eoscms.cern.ch//eos/cms/store/mc/RunIISummer20ULPrePremix/Neutrino_E-10_gun/PREMIX/UL18_106X_upgrade2018_realistic_v11_L1v1-v2/240007/0CBE3B89-161F-0C4D-B0B6-A0FD5EFB66D9.root
TimeReport> Time report complete in 132.454 seconds
 Time Summary: 
 - Min event:   2.54871
 - Max event:   78.5149
 - Avg event:   10.6766
 - Total loop:  112.431
 - Total init:  19.9046
 - Total job:   132.454
 - EventSetup Lock:   0.000135899
 - EventSetup Get:   19.8449
 Event Throughput: 0.0889437 ev/s
 CPU Summary: 
 - Total loop:  104.185
 - Total init:  9.49386
 - Total extra: 0
 - Total job:   113.789
 Processing Summary: 
 - Number of Events:  10
 - Number of Global Begin Lumi Calls:  1
 - Number of Global Begin Run Calls: 1


=============================================

MessageLogger Summary

 type     category        sev    module        subroutine        count    total
 ---- -------------------- -- ---------------- ----------------  -----    -----
    1 XrdAdaptor           -w PreMixingModule:                       1        1
    2 XrdAdaptor           -w PreMixingModule:                       1        1
    3 TimeReport           -e AfterModEndJob                         1        1
    4 fileAction           -s PreMixingModule:                       3        3
    5 fileAction           -s PreMixingModule:                       2        2
    6 fileAction           -s PreMixingModule:                       1        1
    7 fileAction           -s file_close                             1        1
    8 fileAction           -s file_open                              2        2

 type    category    Examples: run/evt        run/evt          run/evt
 ---- -------------------- ---------------- ---------------- ----------------
    1 XrdAdaptor           1/1                               
    2 XrdAdaptor           pre-events                        
    3 TimeReport           PostGlobalEndRun                  
    4 fileAction           1/1              1/1              1/1
    5 fileAction           pre-events       pre-events       
    6 fileAction           PostGlobalEndRun                  
    7 fileAction           PostGlobalEndRun                  
    8 fileAction           pre-events       pre-events       

Severity    # Occurrences   Total Occurrences
--------    -------------   -----------------
Warning                 2                   2
Error                   1                   1
System                  9                   9

dropped waiting message count 0
WARNING: In non-interactive mode release checks e.g. deprecated releases, production architectures are disabled.
**** Following environment variables are going to be unset.
       CMSSW_FULL_RELEASE_BASE
       GENEVA_DATA_DIR
       COMPILER_PATH
       MLAS_DYNAMIC_CPU_ARCH
29-Jul-2022 08:19:02 CEST  Initiating request to open file file:EGM-RunIISummer20UL18DIGIPremix-00002.root
29-Jul-2022 08:19:04 CEST  Successfully opened file file:EGM-RunIISummer20UL18DIGIPremix-00002.root
%MSG-e TkDetLayers:   TSGFromL2Muon:hltL3NoFiltersNoVtxTrajSeedOIHit@streamBeginRun  29-Jul-2022 08:19:56 CEST Run: 1 Stream: 0
 ForwardDiskSectorBuilderFromDet: Trying to build Petal Wedge from Dets at different z positions !! Delta_z = -0.950417
%MSG
Begin processing the 1st record. Run 1, Event 1, LumiSection 1 on stream 0 at 29-Jul-2022 08:19:58.544 CEST
Begin processing the 2nd record. Run 1, Event 2, LumiSection 1 on stream 0 at 29-Jul-2022 08:20:02.411 CEST
Begin processing the 3rd record. Run 1, Event 3, LumiSection 1 on stream 0 at 29-Jul-2022 08:20:03.201 CEST
Begin processing the 4th record. Run 1, Event 6, LumiSection 1 on stream 0 at 29-Jul-2022 08:20:03.954 CEST
Begin processing the 5th record. Run 1, Event 7, LumiSection 1 on stream 0 at 29-Jul-2022 08:20:04.808 CEST
Begin processing the 6th record. Run 1, Event 11, LumiSection 1 on stream 0 at 29-Jul-2022 08:20:05.455 CEST
Begin processing the 7th record. Run 1, Event 12, LumiSection 1 on stream 0 at 29-Jul-2022 08:20:05.830 CEST
Begin processing the 8th record. Run 1, Event 14, LumiSection 1 on stream 0 at 29-Jul-2022 08:20:06.953 CEST
Begin processing the 9th record. Run 1, Event 18, LumiSection 1 on stream 0 at 29-Jul-2022 08:20:07.529 CEST
Begin processing the 10th record. Run 1, Event 20, LumiSection 1 on stream 0 at 29-Jul-2022 08:20:08.116 CEST
29-Jul-2022 08:20:08 CEST  Closed file file:EGM-RunIISummer20UL18DIGIPremix-00002.root
TimeReport> Time report complete in 81.7204 seconds
 Time Summary: 
 - Min event:   0.366602
 - Max event:   3.85049
 - Avg event:   1.01873
 - Total loop:  20.8917
 - Total init:  58.908
 - Total job:   81.7204
 - EventSetup Lock:   0.000127554
 - EventSetup Get:   14.3305
 Event Throughput: 0.478659 ev/s
 CPU Summary: 
 - Total loop:  18.303
 - Total init:  53.3939
 - Total extra: 0
 - Total job:   73.6084
 Processing Summary: 
 - Number of Events:  10
 - Number of Global Begin Lumi Calls:  1
 - Number of Global Begin Run Calls: 1


=============================================

MessageLogger Summary

 type     category        sev    module        subroutine        count    total
 ---- -------------------- -- ---------------- ----------------  -----    -----
    1 TimeReport           -e AfterModEndJob                         1        1
    2 TkDetLayers          -e TSGFromL2Muon:hl                       1        1
    3 fileAction           -s file_close                             1        1
    4 fileAction           -s file_open                              2        2

 type    category    Examples: run/evt        run/evt          run/evt
 ---- -------------------- ---------------- ---------------- ----------------
    1 TimeReport           PostGlobalEndRun                  
    2 TkDetLayers          Run: 1 Stream: 0                  
    3 fileAction           PostGlobalEndRun                  
    4 fileAction           pre-events       pre-events       

Severity    # Occurrences   Total Occurrences
--------    -------------   -----------------
Error                   2                   2
System                  3                   3

dropped waiting message count 0
WARNING: In non-interactive mode release checks e.g. deprecated releases, production architectures are disabled.
WARNING: There already exists /pool/condor/dir_163550/CMSSW_10_6_17_patch1 area for SCRAM_ARCH slc7_amd64_gcc700.
**** Following environment variables are going to be unset.
       CMS_ORACLEOCCI_LIB
       COMPILER_RUNTIME_OBJECTS
29-Jul-2022 08:20:26 CEST  Initiating request to open file file:EGM-RunIISummer20UL18HLT-00002.root
29-Jul-2022 08:20:28 CEST  Successfully opened file file:EGM-RunIISummer20UL18HLT-00002.root
29-Jul-2022 08:21:00 CEST  Closed file file:EGM-RunIISummer20UL18HLT-00002.root
----- Begin Fatal Exception 29-Jul-2022 08:21:00 CEST-----------------------
An exception of category 'FatalRootError' occurred while
   [0] Constructing the EventProcessor
   [1] Constructing module: class=RecoTauCleaner label='pfTausProducerSansRefs'
   Additional Info:
      [a] Fatal Root Error: @SUB=TSystem::ExpandFileName
input: $HOME/.root.mimes, output: $HOME/.root.mimes

----- End Fatal Exception -------------------------------------------------
mv: cannot stat 'EGM-RunIISummer20UL18RECO-00002.root': No such file or directory
