WARNING: In non-interactive mode release checks e.g. deprecated releases, production architectures are disabled.
WARNING: In non-interactive mode release checks e.g. deprecated releases, production architectures are disabled.
**** Following environment variables are going to be unset.
       CMSSW_FULL_RELEASE_BASE
stty: standard input: Inappropriate ioctl for device
stty: standard input: Inappropriate ioctl for device
stty: standard input: Inappropriate ioctl for device
stty: standard input: Inappropriate ioctl for device
stty: standard input: Inappropriate ioctl for device
stty: standard input: Inappropriate ioctl for device
29-Jul-2022 08:13:22 CEST  Initiating request to open LHE file cmsgrid_final.lhe
29-Jul-2022 08:13:22 CEST  Successfully opened LHE file cmsgrid_final.lhe
%MSG-w LogicError:  Pythia8HadronizerFilter:generator@beginRun  29-Jul-2022 08:13:22 CEST Run: 1
::getByLabel: An attempt was made to read a Run product before endRun() was called.
The product is of type 'LHERunInfoProduct'.
The specified ModuleLabel was 'externalLHEProducer'.
The specified productInstanceName was ''.

%MSG
Begin processing the 1st record. Run 1, Event 1, LumiSection 1 on stream 0 at 29-Jul-2022 08:13:26.297 CEST
Begin processing the 2nd record. Run 1, Event 2, LumiSection 1 on stream 0 at 29-Jul-2022 08:13:28.315 CEST
Begin processing the 3rd record. Run 1, Event 3, LumiSection 1 on stream 0 at 29-Jul-2022 08:13:30.745 CEST
Begin processing the 4th record. Run 1, Event 4, LumiSection 1 on stream 0 at 29-Jul-2022 08:13:30.788 CEST
Begin processing the 5th record. Run 1, Event 5, LumiSection 1 on stream 0 at 29-Jul-2022 08:13:30.914 CEST
Begin processing the 6th record. Run 1, Event 6, LumiSection 1 on stream 0 at 29-Jul-2022 08:13:31.093 CEST
Begin processing the 7th record. Run 1, Event 7, LumiSection 1 on stream 0 at 29-Jul-2022 08:13:32.944 CEST
Begin processing the 8th record. Run 1, Event 8, LumiSection 1 on stream 0 at 29-Jul-2022 08:13:36.805 CEST
Begin processing the 9th record. Run 1, Event 9, LumiSection 1 on stream 0 at 29-Jul-2022 08:13:39.356 CEST
Begin processing the 10th record. Run 1, Event 10, LumiSection 1 on stream 0 at 29-Jul-2022 08:13:42.431 CEST
Begin processing the 11th record. Run 1, Event 11, LumiSection 1 on stream 0 at 29-Jul-2022 08:13:47.902 CEST
Begin processing the 12th record. Run 1, Event 12, LumiSection 1 on stream 0 at 29-Jul-2022 08:13:54.183 CEST
Begin processing the 13th record. Run 1, Event 13, LumiSection 1 on stream 0 at 29-Jul-2022 08:13:57.527 CEST
Begin processing the 14th record. Run 1, Event 14, LumiSection 1 on stream 0 at 29-Jul-2022 08:13:57.643 CEST
Begin processing the 15th record. Run 1, Event 15, LumiSection 1 on stream 0 at 29-Jul-2022 08:14:01.873 CEST
Begin processing the 16th record. Run 1, Event 16, LumiSection 1 on stream 0 at 29-Jul-2022 08:14:02.026 CEST
Begin processing the 17th record. Run 1, Event 17, LumiSection 1 on stream 0 at 29-Jul-2022 08:14:02.091 CEST
Begin processing the 18th record. Run 1, Event 18, LumiSection 1 on stream 0 at 29-Jul-2022 08:14:05.143 CEST
Begin processing the 19th record. Run 1, Event 19, LumiSection 1 on stream 0 at 29-Jul-2022 08:14:05.469 CEST
Begin processing the 20th record. Run 1, Event 20, LumiSection 1 on stream 0 at 29-Jul-2022 08:14:05.943 CEST
29-Jul-2022 08:14:11 CEST  Closed LHE file cmsgrid_final.lhe

------------------------------------
GenXsecAnalyzer:
------------------------------------
-------------------------------------------------------------------------------------------------------------------------------------------------------------------------- 
Overall cross-section summary 
--------------------------------------------------------------------------------------------------------------------------------------------------------------------------
Process		xsec_before [pb]		passed	nposw	nnegw	tried	nposw	nnegw 	xsec_match [pb]			accepted [%]	 event_eff [%]
0		6.004e+03 +/- 1.097e+01		5	5	0	5	5	0	6.004e+03 +/- 1.097e+01		100.0 +/- 0.0	100.0 +/- 0.0
1		3.448e+03 +/- 1.054e+01		1	1	0	7	5	2	1.149e+03 +/- 1.211e+03		33.3 +/- 35.1	14.3 +/- 13.2
2		1.637e+03 +/- 1.034e+01		2	1	1	8	4	4	0.000e+00 +/- 0.000e+00		-100.0 +/- -100.0	25.0 +/- 15.3
-------------------------------------------------------------------------------------------------------------------------------------------------------------------------- 
Total		1.109e+04 +/- 1.839e+01		8	7	1	20	14	6	8.316e+03 +/- 3.732e+03		75.0 +/- 33.7	40.0 +/- 11.0
--------------------------------------------------------------------------------------------------------------------------------------------------------------------------
Before matching: total cross section = 1.109e+04 +- 1.839e+01 pb
After matching: total cross section = 8.316e+03 +- 3.732e+03 pb
Matching efficiency = 0.4 +/- 0.1   [TO BE USED IN MCM]
Filter efficiency (taking into account weights)= (151558) / (151558) = 1.000e+00 +- 0.000e+00
Filter efficiency (event-level)= (8) / (8) = 1.000e+00 +- 0.000e+00    [TO BE USED IN MCM]

After filter: final cross section = 8.316e+03 +- 3.732e+03 pb
After filter: final fraction of events with negative weights = 1.250e-01 +- 1.462e-02
After filter: final equivalent lumi for 1M events (1/fb) = 6.764e-02 +- 2.311e-02
TimeReport> Time report complete in 204.871 seconds
 Time Summary: 
 - Min event:   0.043082
 - Max event:   6.28031
 - Avg event:   2.26561
 - Total loop:  184.837
 - Total init:  18.7467
 - Total job:   204.871
 - EventSetup Lock:   1.00136e-05
 - EventSetup Get:   0.00617695
 Event Throughput: 0.108203 ev/s
 CPU Summary: 
 - Total loop:  161.427
 - Total init:  6.59669
 - Total extra: 0
 - Total job:   168.696
 Processing Summary: 
 - Number of Events:  20
 - Number of Global Begin Lumi Calls:  1
 - Number of Global Begin Run Calls: 1


=============================================

MessageLogger Summary

 type     category        sev    module        subroutine        count    total
 ---- -------------------- -- ---------------- ----------------  -----    -----
    1 GenXSecAnalyzer      -w GenXSecAnalyzer:                      17       17
    2 LogicError           -w Pythia8Hadronize                       1        1
    3 TimeReport           -e AfterModEndJob                         1        1
    4 fileAction           -s ExternalLHEProdu                       2        2
    5 fileAction           -s ExternalLHEProdu                       1        1

 type    category    Examples: run/evt        run/evt          run/evt
 ---- -------------------- ---------------- ---------------- ----------------
    1 GenXSecAnalyzer      PostGlobalEndRun PostGlobalEndRun PostGlobalEndRun
    2 LogicError           Run: 1                            
    3 TimeReport           PostGlobalEndRun                  
    4 fileAction           Run: 1           Run: 1           
    5 fileAction           End Run: 1                        

Severity    # Occurrences   Total Occurrences
--------    -------------   -----------------
Warning                18                  18
Error                   1                   1
System                  3                   3

dropped waiting message count 0
WARNING: In non-interactive mode release checks e.g. deprecated releases, production architectures are disabled.
29-Jul-2022 08:14:32 CEST  Initiating request to open file file:EGM-RunIISummer20UL18wmLHEGEN-00001.root
29-Jul-2022 08:14:34 CEST  Successfully opened file file:EGM-RunIISummer20UL18wmLHEGEN-00001.root
Begin processing the 1st record. Run 1, Event 1, LumiSection 1 on stream 0 at 29-Jul-2022 08:15:29.774 CEST
Begin processing the 2nd record. Run 1, Event 6, LumiSection 1 on stream 0 at 29-Jul-2022 08:15:40.338 CEST
Begin processing the 3rd record. Run 1, Event 7, LumiSection 1 on stream 0 at 29-Jul-2022 08:16:01.610 CEST
Begin processing the 4th record. Run 1, Event 8, LumiSection 1 on stream 0 at 29-Jul-2022 08:16:28.385 CEST
Begin processing the 5th record. Run 1, Event 9, LumiSection 1 on stream 0 at 29-Jul-2022 08:16:52.765 CEST
Begin processing the 6th record. Run 1, Event 10, LumiSection 1 on stream 0 at 29-Jul-2022 08:17:16.309 CEST
Begin processing the 7th record. Run 1, Event 12, LumiSection 1 on stream 0 at 29-Jul-2022 08:17:33.441 CEST
Begin processing the 8th record. Run 1, Event 19, LumiSection 1 on stream 0 at 29-Jul-2022 08:18:01.025 CEST
29-Jul-2022 08:18:07 CEST  Closed file file:EGM-RunIISummer20UL18wmLHEGEN-00001.root
TimeReport> Time report complete in 233.338 seconds
 Time Summary: 
 - Min event:   6.866
 - Max event:   27.5828
 - Avg event:   19.7632
 - Total loop:  211.226
 - Total init:  21.9871
 - Total job:   233.338
 - EventSetup Lock:   1.4782e-05
 - EventSetup Get:   15.662
 Event Throughput: 0.0378742 ev/s
 CPU Summary: 
 - Total loop:  198.72
 - Total init:  6.5788
 - Total extra: 0
 - Total job:   205.422
 Processing Summary: 
 - Number of Events:  8
 - Number of Global Begin Lumi Calls:  1
 - Number of Global Begin Run Calls: 1


=============================================

MessageLogger Summary

 type     category        sev    module        subroutine        count    total
 ---- -------------------- -- ---------------- ----------------  -----    -----
    1 TimeReport           -e AfterModEndJob                         1        1
    2 fileAction           -s file_close                             1        1
    3 fileAction           -s file_open                              2        2

 type    category    Examples: run/evt        run/evt          run/evt
 ---- -------------------- ---------------- ---------------- ----------------
    1 TimeReport           PostGlobalEndRun                  
    2 fileAction           PostGlobalEndRun                  
    3 fileAction           pre-events       pre-events       

Severity    # Occurrences   Total Occurrences
--------    -------------   -----------------
Error                   1                   1
System                  3                   3

dropped waiting message count 0
WARNING: In non-interactive mode release checks e.g. deprecated releases, production architectures are disabled.
WARNING: There already exists /pool/condor/dir_22089/CMSSW_10_6_17_patch1 area for SCRAM_ARCH slc7_amd64_gcc700.
29-Jul-2022 08:18:27 CEST  Initiating request to open file file:EGM-RunIISummer20UL18SIM-00002.root
29-Jul-2022 08:18:30 CEST  Successfully opened file file:EGM-RunIISummer20UL18SIM-00002.root
29-Jul-2022 08:18:34 CEST  Initiating request to open file root://eoscms.cern.ch//eos/cms/store/mc/RunIISummer20ULPrePremix/Neutrino_E-10_gun/PREMIX/UL18_106X_upgrade2018_realistic_v11_L1v1-v2/230011/1444CAE8-9C25-6543-A450-645A7254C42F.root
%MSG-w XrdAdaptor:  PreMixingModule:mixData@ctor 29-Jul-2022 08:18:36 CEST  pre-events
Data is served from cern.ch instead of original site eoscms
%MSG
29-Jul-2022 08:18:36 CEST  Successfully opened file root://eoscms.cern.ch//eos/cms/store/mc/RunIISummer20ULPrePremix/Neutrino_E-10_gun/PREMIX/UL18_106X_upgrade2018_realistic_v11_L1v1-v2/230011/1444CAE8-9C25-6543-A450-645A7254C42F.root
Begin processing the 1st record. Run 1, Event 1, LumiSection 1 on stream 0 at 29-Jul-2022 08:18:50.372 CEST
29-Jul-2022 08:20:18 CEST  Closed file root://eoscms.cern.ch//eos/cms/store/mc/RunIISummer20ULPrePremix/Neutrino_E-10_gun/PREMIX/UL18_106X_upgrade2018_realistic_v11_L1v1-v2/230011/1444CAE8-9C25-6543-A450-645A7254C42F.root
29-Jul-2022 08:20:18 CEST  Initiating request to open file root://eoscms.cern.ch//eos/cms/store/mc/RunIISummer20ULPrePremix/Neutrino_E-10_gun/PREMIX/UL18_106X_upgrade2018_realistic_v11_L1v1-v2/240005/6730341B-DA57-C946-9A52-94E9E3CE3934.root
%MSG-w XrdAdaptor:  PreMixingModule:mixData 29-Jul-2022 08:20:20 CEST  Run: 1 Event: 1
Data is served from cern.ch instead of original site eoscms
%MSG
29-Jul-2022 08:20:20 CEST  Successfully opened file root://eoscms.cern.ch//eos/cms/store/mc/RunIISummer20ULPrePremix/Neutrino_E-10_gun/PREMIX/UL18_106X_upgrade2018_realistic_v11_L1v1-v2/240005/6730341B-DA57-C946-9A52-94E9E3CE3934.root
Begin processing the 2nd record. Run 1, Event 6, LumiSection 1 on stream 0 at 29-Jul-2022 08:20:32.633 CEST
Begin processing the 3rd record. Run 1, Event 7, LumiSection 1 on stream 0 at 29-Jul-2022 08:20:37.015 CEST
Begin processing the 4th record. Run 1, Event 8, LumiSection 1 on stream 0 at 29-Jul-2022 08:20:40.929 CEST
Begin processing the 5th record. Run 1, Event 9, LumiSection 1 on stream 0 at 29-Jul-2022 08:20:45.692 CEST
Begin processing the 6th record. Run 1, Event 10, LumiSection 1 on stream 0 at 29-Jul-2022 08:20:50.576 CEST
Begin processing the 7th record. Run 1, Event 12, LumiSection 1 on stream 0 at 29-Jul-2022 08:20:54.671 CEST
Begin processing the 8th record. Run 1, Event 19, LumiSection 1 on stream 0 at 29-Jul-2022 08:20:59.766 CEST
29-Jul-2022 08:21:04 CEST  Closed file file:EGM-RunIISummer20UL18SIM-00002.root
29-Jul-2022 08:21:04 CEST  Closed file root://eoscms.cern.ch//eos/cms/store/mc/RunIISummer20ULPrePremix/Neutrino_E-10_gun/PREMIX/UL18_106X_upgrade2018_realistic_v11_L1v1-v2/240005/6730341B-DA57-C946-9A52-94E9E3CE3934.root
TimeReport> Time report complete in 173.377 seconds
 Time Summary: 
 - Min event:   3.90764
 - Max event:   102.257
 - Avg event:   16.6967
 - Total loop:  139.592
 - Total init:  33.381
 - Total job:   173.377
 - EventSetup Lock:   0.000163317
 - EventSetup Get:   25.5523
 Event Throughput: 0.0573097 ev/s
 CPU Summary: 
 - Total loop:  125.939
 - Total init:  12.2921
 - Total extra: 0
 - Total job:   138.371
 Processing Summary: 
 - Number of Events:  8
 - Number of Global Begin Lumi Calls:  1
 - Number of Global Begin Run Calls: 1


=============================================

MessageLogger Summary

 type     category        sev    module        subroutine        count    total
 ---- -------------------- -- ---------------- ----------------  -----    -----
    1 XrdAdaptor           -w PreMixingModule:                       1        1
    2 XrdAdaptor           -w PreMixingModule:                       1        1
    3 TimeReport           -e AfterModEndJob                         1        1
    4 fileAction           -s PreMixingModule:                       3        3
    5 fileAction           -s PreMixingModule:                       2        2
    6 fileAction           -s PreMixingModule:                       1        1
    7 fileAction           -s file_close                             1        1
    8 fileAction           -s file_open                              2        2

 type    category    Examples: run/evt        run/evt          run/evt
 ---- -------------------- ---------------- ---------------- ----------------
    1 XrdAdaptor           1/1                               
    2 XrdAdaptor           pre-events                        
    3 TimeReport           PostGlobalEndRun                  
    4 fileAction           1/1              1/1              1/1
    5 fileAction           pre-events       pre-events       
    6 fileAction           PostGlobalEndRun                  
    7 fileAction           PostGlobalEndRun                  
    8 fileAction           pre-events       pre-events       

Severity    # Occurrences   Total Occurrences
--------    -------------   -----------------
Warning                 2                   2
Error                   1                   1
System                  9                   9

dropped waiting message count 0
WARNING: In non-interactive mode release checks e.g. deprecated releases, production architectures are disabled.
**** Following environment variables are going to be unset.
       CMSSW_FULL_RELEASE_BASE
       GENEVA_DATA_DIR
       COMPILER_PATH
       MLAS_DYNAMIC_CPU_ARCH
29-Jul-2022 08:21:35 CEST  Initiating request to open file file:EGM-RunIISummer20UL18DIGIPremix-00002.root
29-Jul-2022 08:21:37 CEST  Successfully opened file file:EGM-RunIISummer20UL18DIGIPremix-00002.root
%MSG-e TkDetLayers:   TSGFromL2Muon:hltL3NoFiltersNoVtxTrajSeedOIHit@streamBeginRun  29-Jul-2022 08:22:55 CEST Run: 1 Stream: 0
 ForwardDiskSectorBuilderFromDet: Trying to build Petal Wedge from Dets at different z positions !! Delta_z = -0.950417
%MSG
Begin processing the 1st record. Run 1, Event 1, LumiSection 1 on stream 0 at 29-Jul-2022 08:22:58.076 CEST
Begin processing the 2nd record. Run 1, Event 6, LumiSection 1 on stream 0 at 29-Jul-2022 08:23:03.130 CEST
Begin processing the 3rd record. Run 1, Event 7, LumiSection 1 on stream 0 at 29-Jul-2022 08:23:04.766 CEST
Begin processing the 4th record. Run 1, Event 8, LumiSection 1 on stream 0 at 29-Jul-2022 08:23:06.250 CEST
Begin processing the 5th record. Run 1, Event 9, LumiSection 1 on stream 0 at 29-Jul-2022 08:23:07.387 CEST
Begin processing the 6th record. Run 1, Event 10, LumiSection 1 on stream 0 at 29-Jul-2022 08:23:08.868 CEST
Begin processing the 7th record. Run 1, Event 12, LumiSection 1 on stream 0 at 29-Jul-2022 08:23:10.460 CEST
Begin processing the 8th record. Run 1, Event 19, LumiSection 1 on stream 0 at 29-Jul-2022 08:23:11.421 CEST
29-Jul-2022 08:23:13 CEST  Closed file file:EGM-RunIISummer20UL18DIGIPremix-00002.root
TimeReport> Time report complete in 127.457 seconds
 Time Summary: 
 - Min event:   0.942798
 - Max event:   5.03826
 - Avg event:   1.86009
 - Total loop:  33.3963
 - Total init:  91.9249
 - Total job:   127.457
 - EventSetup Lock:   0.00014782
 - EventSetup Get:   22.7925
 Event Throughput: 0.239548 ev/s
 CPU Summary: 
 - Total loop:  24.8067
 - Total init:  72.4423
 - Total extra: 0
 - Total job:   99.3811
 Processing Summary: 
 - Number of Events:  8
 - Number of Global Begin Lumi Calls:  1
 - Number of Global Begin Run Calls: 1


=============================================

MessageLogger Summary

 type     category        sev    module        subroutine        count    total
 ---- -------------------- -- ---------------- ----------------  -----    -----
    1 TimeReport           -e AfterModEndJob                         1        1
    2 TkDetLayers          -e TSGFromL2Muon:hl                       1        1
    3 fileAction           -s file_close                             1        1
    4 fileAction           -s file_open                              2        2

 type    category    Examples: run/evt        run/evt          run/evt
 ---- -------------------- ---------------- ---------------- ----------------
    1 TimeReport           PostGlobalEndRun                  
    2 TkDetLayers          Run: 1 Stream: 0                  
    3 fileAction           PostGlobalEndRun                  
    4 fileAction           pre-events       pre-events       

Severity    # Occurrences   Total Occurrences
--------    -------------   -----------------
Error                   2                   2
System                  3                   3

dropped waiting message count 0
WARNING: In non-interactive mode release checks e.g. deprecated releases, production architectures are disabled.
WARNING: There already exists /pool/condor/dir_22089/CMSSW_10_6_17_patch1 area for SCRAM_ARCH slc7_amd64_gcc700.
**** Following environment variables are going to be unset.
       CMS_ORACLEOCCI_LIB
       COMPILER_RUNTIME_OBJECTS
29-Jul-2022 08:23:46 CEST  Initiating request to open file file:EGM-RunIISummer20UL18HLT-00002.root
29-Jul-2022 08:23:48 CEST  Successfully opened file file:EGM-RunIISummer20UL18HLT-00002.root
29-Jul-2022 08:24:36 CEST  Closed file file:EGM-RunIISummer20UL18HLT-00002.root
----- Begin Fatal Exception 29-Jul-2022 08:24:36 CEST-----------------------
An exception of category 'FatalRootError' occurred while
   [0] Constructing the EventProcessor
   [1] Constructing module: class=RecoTauCleaner label='pfTausProducerSansRefs'
   Additional Info:
      [a] Fatal Root Error: @SUB=TSystem::ExpandFileName
input: $HOME/.root.mimes, output: $HOME/.root.mimes

----- End Fatal Exception -------------------------------------------------
mv: cannot stat 'EGM-RunIISummer20UL18RECO-00002.root': No such file or directory
